<?xml version="1.0" encoding="UTF-8"?>
<testng-results ignored="0" total="4" passed="4" failed="0" skipped="0">
  <reporter-output>
  </reporter-output>
  <suite started-at="2022-02-08T16:13:27 IST" name="Default suite" finished-at="2022-02-08T16:13:27 IST" duration-ms="865">
    <groups>
    </groups>
    <test started-at="2022-02-08T16:13:27 IST" name="Default test" finished-at="2022-02-08T16:13:27 IST" duration-ms="865">
      <class name="com.cg.Test1">
        <test-method signature="testMethod(java.lang.String,java.lang.String)[pri:0, instance:com.cg.Test1@48974e45]" started-at="2022-02-08T16:13:27 IST" name="testMethod" data-provider="getData" finished-at="2022-02-08T16:13:27 IST" duration-ms="9" status="PASS">
          <params>
            <param index="0">
              <value>
                <![CDATA[Michael]]>
              </value>
            </param>
            <param index="1">
              <value>
                <![CDATA[Leader]]>
              </value>
            </param>
          </params>
          <reporter-output>
          </reporter-output>
        </test-method> <!-- testMethod -->
        <test-method signature="testMethod(java.lang.String,java.lang.String)[pri:0, instance:com.cg.Test1@48974e45]" started-at="2022-02-08T16:13:27 IST" name="testMethod" data-provider="getData" finished-at="2022-02-08T16:13:27 IST" duration-ms="1" status="PASS">
          <params>
            <param index="0">
              <value>
                <![CDATA[John]]>
              </value>
            </param>
            <param index="1">
              <value>
                <![CDATA[Developer]]>
              </value>
            </param>
          </params>
          <reporter-output>
          </reporter-output>
        </test-method> <!-- testMethod -->
        <test-method signature="testMethod(java.lang.String,java.lang.String)[pri:0, instance:com.cg.Test1@48974e45]" started-at="2022-02-08T16:13:27 IST" name="testMethod" data-provider="getData" finished-at="2022-02-08T16:13:27 IST" duration-ms="1" status="PASS">
          <params>
            <param index="0">
              <value>
                <![CDATA[Sam]]>
              </value>
            </param>
            <param index="1">
              <value>
                <![CDATA[Tester]]>
              </value>
            </param>
          </params>
          <reporter-output>
          </reporter-output>
        </test-method> <!-- testMethod -->
        <test-method signature="testMethod(java.lang.String,java.lang.String)[pri:0, instance:com.cg.Test1@48974e45]" started-at="2022-02-08T16:13:27 IST" name="testMethod" data-provider="getData" finished-at="2022-02-08T16:13:27 IST" duration-ms="0" status="PASS">
          <params>
            <param index="0">
              <value>
                <![CDATA[Selvi]]>
              </value>
            </param>
            <param index="1">
              <value>
                <![CDATA[Architect]]>
              </value>
            </param>
          </params>
          <reporter-output>
          </reporter-output>
        </test-method> <!-- testMethod -->
      </class> <!-- com.cg.Test1 -->
    </test> <!-- Default test -->
  </suite> <!-- Default suite -->
</testng-results>
