<?xml version="1.0" encoding="UTF-8"?>
<!-- Generated by org.testng.reporters.JUnitXMLReporter -->
<testsuite ignored="0" hostname="LIN59020000" failures="0" tests="4" name="Default test" time="0.865" errors="0" timestamp="2022-02-08T16:13:27 IST">
  <testcase classname="com.cg.Test1" name="testMethod" time="0.009"/>
  <testcase classname="com.cg.Test1" name="testMethod" time="0.001"/>
  <testcase classname="com.cg.Test1" name="testMethod" time="0.001"/>
  <testcase classname="com.cg.Test1" name="testMethod" time="0.0"/>
</testsuite> <!-- Default test -->
